f:\dropbox\vs 2015 projects\nutcrackz\nutcrackz\release\vc140.pdb
f:\dropbox\vs 2015 projects\nutcrackz\nutcrackz\release\player.obj
f:\dropbox\vs 2015 projects\nutcrackz\nutcrackz\release\pipeline.obj
f:\dropbox\vs 2015 projects\nutcrackz\nutcrackz\release\picopng.obj
f:\dropbox\vs 2015 projects\nutcrackz\nutcrackz\release\nutcrackz.obj
f:\dropbox\vs 2015 projects\nutcrackz\nutcrackz\release\newitemdlg.obj
f:\dropbox\vs 2015 projects\nutcrackz\nutcrackz\release\math3d.obj
f:\dropbox\vs 2015 projects\nutcrackz\nutcrackz\release\lightingprogram.obj
f:\dropbox\vs 2015 projects\nutcrackz\nutcrackz\release\iomanager.obj
f:\dropbox\vs 2015 projects\nutcrackz\nutcrackz\release\inputmanager.obj
f:\dropbox\vs 2015 projects\nutcrackz\nutcrackz\release\imageloader.obj
f:\dropbox\vs 2015 projects\nutcrackz\nutcrackz\release\glslprogram.obj
f:\dropbox\vs 2015 projects\nutcrackz\nutcrackz\release\debugrenderer.obj
f:\dropbox\vs 2015 projects\nutcrackz\nutcrackz\release\commonerrors.obj
f:\dropbox\vs 2015 projects\nutcrackz\nutcrackz\release\capsule.obj
f:\dropbox\vs 2015 projects\nutcrackz\nutcrackz\release\camera3d.obj
f:\dropbox\vs 2015 projects\nutcrackz\nutcrackz\release\camera2d.obj
f:\dropbox\vs 2015 projects\nutcrackz\nutcrackz\release\box.obj
f:\dropbox\vs 2015 projects\nutcrackz\nutcrackz\release\audioengine.obj
f:\dropbox\vs 2015 projects\nutcrackz\nutcrackz\release\atb.obj
f:\dropbox\vs 2015 projects\nutcrackz\nutcrackz\release\3dpicking.obj
f:\dropbox\vs 2015 projects\nutcrackz\nutcrackz\release\viewport3d.obj
f:\dropbox\vs 2015 projects\nutcrackz\nutcrackz\release\viewport2d.obj
f:\dropbox\vs 2015 projects\nutcrackz\nutcrackz\release\util.obj
f:\dropbox\vs 2015 projects\nutcrackz\nutcrackz\release\texturecache.obj
f:\dropbox\vs 2015 projects\nutcrackz\nutcrackz\release\spritefont.obj
f:\dropbox\vs 2015 projects\nutcrackz\nutcrackz\release\spritebatch.obj
f:\dropbox\vs 2015 projects\nutcrackz\nutcrackz\release\sprite.obj
f:\dropbox\vs 2015 projects\nutcrackz\nutcrackz\release\simplecolor.obj
f:\dropbox\vs 2015 projects\nutcrackz\nutcrackz\release\shaderprogram.obj
f:\dropbox\vs 2015 projects\nutcrackz\nutcrackz\release\resourcemanager.obj
f:\dropbox\vs 2015 projects\nutcrackz\bin\nutcrackz.exe
f:\dropbox\vs 2015 projects\nutcrackz\bin\nutcrackz.ipdb
f:\dropbox\vs 2015 projects\nutcrackz\bin\nutcrackz.iobj
f:\dropbox\vs 2015 projects\nutcrackz\bin\nutcrackz.pdb
f:\dropbox\vs 2015 projects\nutcrackz\nutcrackz\release\skyboxprogram.obj
f:\dropbox\vs 2015 projects\nutcrackz\\bin\nutcrackz.pdb
f:\dropbox\vs 2015 projects\nutcrackz\\bin\nutcrackz.exe
f:\dropbox\vs 2015 projects\nutcrackz\nutcrackz\release\nutcrackz.tlog\cl.command.1.tlog
f:\dropbox\vs 2015 projects\nutcrackz\nutcrackz\release\nutcrackz.tlog\cl.read.1.tlog
f:\dropbox\vs 2015 projects\nutcrackz\nutcrackz\release\nutcrackz.tlog\cl.write.1.tlog
f:\dropbox\vs 2015 projects\nutcrackz\nutcrackz\release\nutcrackz.tlog\link.command.1.tlog
f:\dropbox\vs 2015 projects\nutcrackz\nutcrackz\release\nutcrackz.tlog\link.read.1.tlog
f:\dropbox\vs 2015 projects\nutcrackz\nutcrackz\release\nutcrackz.tlog\link.write.1.tlog
