f:\dropbox\vs 2015 projects\nutcrackz\player\release\vc140.pdb
f:\dropbox\vs 2015 projects\nutcrackz\player\release\spritefont.obj
f:\dropbox\vs 2015 projects\nutcrackz\player\release\spritebatch.obj
f:\dropbox\vs 2015 projects\nutcrackz\player\release\sprite.obj
f:\dropbox\vs 2015 projects\nutcrackz\player\release\resourcemanager.obj
f:\dropbox\vs 2015 projects\nutcrackz\player\release\picopng.obj
f:\dropbox\vs 2015 projects\nutcrackz\player\release\particleengine2d.obj
f:\dropbox\vs 2015 projects\nutcrackz\player\release\particlebatch2d.obj
f:\dropbox\vs 2015 projects\nutcrackz\player\release\iomanager.obj
f:\dropbox\vs 2015 projects\nutcrackz\player\release\inputmanager.obj
f:\dropbox\vs 2015 projects\nutcrackz\player\release\imageloader.obj
f:\dropbox\vs 2015 projects\nutcrackz\player\release\glslprogram.obj
f:\dropbox\vs 2015 projects\nutcrackz\player\release\dystopia.obj
f:\dropbox\vs 2015 projects\nutcrackz\player\release\debugrenderer.obj
f:\dropbox\vs 2015 projects\nutcrackz\player\release\commonerrors.obj
f:\dropbox\vs 2015 projects\nutcrackz\player\release\capsule.obj
f:\dropbox\vs 2015 projects\nutcrackz\player\release\camera2d.obj
f:\dropbox\vs 2015 projects\nutcrackz\player\release\audioengine.obj
f:\dropbox\vs 2015 projects\nutcrackz\player\release\window.obj
f:\dropbox\vs 2015 projects\nutcrackz\player\release\timing.obj
f:\dropbox\vs 2015 projects\nutcrackz\player\release\texturecache.obj
f:\dropbox\vs 2015 projects\nutcrackz\player\release\box.obj
f:\dropbox\vs 2015 projects\nutcrackz\player\release\screenlist.obj
f:\dropbox\vs 2015 projects\nutcrackz\player\release\imaingame.obj
f:\dropbox\vs 2015 projects\nutcrackz\player\release\main.obj
f:\dropbox\vs 2015 projects\nutcrackz\bin\player.exe
f:\dropbox\vs 2015 projects\nutcrackz\bin\player.ipdb
f:\dropbox\vs 2015 projects\nutcrackz\bin\player.iobj
f:\dropbox\vs 2015 projects\nutcrackz\bin\player.pdb
f:\dropbox\vs 2015 projects\nutcrackz\\bin\player.pdb
f:\dropbox\vs 2015 projects\nutcrackz\\bin\player.exe
f:\dropbox\vs 2015 projects\nutcrackz\player\release\player.tlog\cl.command.1.tlog
f:\dropbox\vs 2015 projects\nutcrackz\player\release\player.tlog\cl.read.1.tlog
f:\dropbox\vs 2015 projects\nutcrackz\player\release\player.tlog\cl.write.1.tlog
f:\dropbox\vs 2015 projects\nutcrackz\player\release\player.tlog\link.command.1.tlog
f:\dropbox\vs 2015 projects\nutcrackz\player\release\player.tlog\link.read.1.tlog
f:\dropbox\vs 2015 projects\nutcrackz\player\release\player.tlog\link.write.1.tlog
